<?xml version="1.0" encoding="UTF-8"?>
<testsuite xmlns:xsi="http://www.w3.org/2001/XMLSchema-instance" xsi:noNamespaceSchemaLocation="https://maven.apache.org/surefire/maven-surefire-plugin/xsd/surefire-test-report.xsd" name="com.example.toolrental.RentalAgreementTest" time="0.318" tests="4" errors="0" skipped="0" failures="4">
  <properties>
    <property name="java.specification.version" value="22"/>
    <property name="sun.cpu.isalist" value="amd64"/>
    <property name="sun.jnu.encoding" value="Cp1252"/>
    <property name="java.class.path" value="C:\Users\User\Documents\Cardinal Financial\code\target\test-classes;C:\Users\User\Documents\Cardinal Financial\code\target\classes;C:\Users\User\.m2\repository\com\fasterxml\jackson\core\jackson-databind\2.17.2\jackson-databind-2.17.2.jar;C:\Users\User\.m2\repository\com\fasterxml\jackson\core\jackson-core\2.17.2\jackson-core-2.17.2.jar;C:\Users\User\.m2\repository\com\fasterxml\jackson\core\jackson-annotations\2.17.2\jackson-annotations-2.17.2.jar;C:\Users\User\.m2\repository\org\yaml\snakeyaml\1.29\snakeyaml-1.29.jar;C:\Users\User\.m2\repository\org\junit\jupiter\junit-jupiter-api\5.7.0\junit-jupiter-api-5.7.0.jar;C:\Users\User\.m2\repository\org\apiguardian\apiguardian-api\1.1.0\apiguardian-api-1.1.0.jar;C:\Users\User\.m2\repository\org\opentest4j\opentest4j\1.2.0\opentest4j-1.2.0.jar;C:\Users\User\.m2\repository\org\junit\platform\junit-platform-commons\1.7.0\junit-platform-commons-1.7.0.jar;C:\Users\User\.m2\repository\org\junit\jupiter\junit-jupiter-engine\5.7.0\junit-jupiter-engine-5.7.0.jar;C:\Users\User\.m2\repository\org\junit\platform\junit-platform-engine\1.7.0\junit-platform-engine-1.7.0.jar;"/>
    <property name="java.vm.vendor" value="Oracle Corporation"/>
    <property name="sun.arch.data.model" value="64"/>
    <property name="user.variant" value=""/>
    <property name="java.vendor.url" value="https://java.oracle.com/"/>
    <property name="user.timezone" value="America/Chicago"/>
    <property name="os.name" value="Windows 11"/>
    <property name="java.vm.specification.version" value="22"/>
    <property name="user.country" value="US"/>
    <property name="sun.java.launcher" value="SUN_STANDARD"/>
    <property name="sun.boot.library.path" value="C:\Program Files\Java\Oracle_JDK-22\bin"/>
    <property name="sun.java.command" value="C:\Users\User\AppData\Local\Temp\surefire10926002096567039932\surefirebooter12837859475442688787.jar C:\Users\User\AppData\Local\Temp\surefire10926002096567039932 2024-07-10T04-19-45_686-jvmRun1 surefire11425293184860531903tmp surefire_09617992084572341189tmp"/>
    <property name="jdk.debug" value="release"/>
    <property name="test" value="com.example.toolrental.RentalAgreementTest"/>
    <property name="surefire.test.class.path" value="C:\Users\User\Documents\Cardinal Financial\code\target\test-classes;C:\Users\User\Documents\Cardinal Financial\code\target\classes;C:\Users\User\.m2\repository\com\fasterxml\jackson\core\jackson-databind\2.17.2\jackson-databind-2.17.2.jar;C:\Users\User\.m2\repository\com\fasterxml\jackson\core\jackson-core\2.17.2\jackson-core-2.17.2.jar;C:\Users\User\.m2\repository\com\fasterxml\jackson\core\jackson-annotations\2.17.2\jackson-annotations-2.17.2.jar;C:\Users\User\.m2\repository\org\yaml\snakeyaml\1.29\snakeyaml-1.29.jar;C:\Users\User\.m2\repository\org\junit\jupiter\junit-jupiter-api\5.7.0\junit-jupiter-api-5.7.0.jar;C:\Users\User\.m2\repository\org\apiguardian\apiguardian-api\1.1.0\apiguardian-api-1.1.0.jar;C:\Users\User\.m2\repository\org\opentest4j\opentest4j\1.2.0\opentest4j-1.2.0.jar;C:\Users\User\.m2\repository\org\junit\platform\junit-platform-commons\1.7.0\junit-platform-commons-1.7.0.jar;C:\Users\User\.m2\repository\org\junit\jupiter\junit-jupiter-engine\5.7.0\junit-jupiter-engine-5.7.0.jar;C:\Users\User\.m2\repository\org\junit\platform\junit-platform-engine\1.7.0\junit-platform-engine-1.7.0.jar;"/>
    <property name="sun.cpu.endian" value="little"/>
    <property name="user.home" value="C:\Users\User"/>
    <property name="user.language" value="en"/>
    <property name="java.specification.vendor" value="Oracle Corporation"/>
    <property name="java.version.date" value="2024-04-16"/>
    <property name="java.home" value="C:\Program Files\Java\Oracle_JDK-22"/>
    <property name="file.separator" value="\"/>
    <property name="basedir" value="C:\Users\User\Documents\Cardinal Financial\code"/>
    <property name="java.vm.compressedOopsMode" value="Zero based"/>
    <property name="line.separator" value="&#10;"/>
    <property name="java.vm.specification.vendor" value="Oracle Corporation"/>
    <property name="java.specification.name" value="Java Platform API Specification"/>
    <property name="surefire.real.class.path" value="C:\Users\User\AppData\Local\Temp\surefire10926002096567039932\surefirebooter12837859475442688787.jar"/>
    <property name="user.script" value=""/>
    <property name="sun.management.compiler" value="HotSpot 64-Bit Tiered Compilers"/>
    <property name="java.runtime.version" value="22.0.1+8-16"/>
    <property name="user.name" value="Squid"/>
    <property name="stdout.encoding" value="Cp1252"/>
    <property name="path.separator" value=";"/>
    <property name="os.version" value="10.0"/>
    <property name="java.runtime.name" value="Java(TM) SE Runtime Environment"/>
    <property name="file.encoding" value="UTF-8"/>
    <property name="java.vm.name" value="Java HotSpot(TM) 64-Bit Server VM"/>
    <property name="maven.ext.class.path" value="C:\Users\User\.vscode\extensions\oracle.oracle-java-22.0.1\nbcode\java\maven-nblib\netbeans-eventspy.jar"/>
    <property name="localRepository" value="C:\Users\User\.m2\repository"/>
    <property name="java.vendor.url.bug" value="https://bugreport.java.com/bugreport/"/>
    <property name="java.io.tmpdir" value="C:\Users\User\AppData\Local\Temp\"/>
    <property name="java.version" value="22.0.1"/>
    <property name="user.dir" value="C:\Users\User\Documents\Cardinal Financial\code"/>
    <property name="os.arch" value="amd64"/>
    <property name="java.vm.specification.name" value="Java Virtual Machine Specification"/>
    <property name="sun.os.patch.level" value=""/>
    <property name="native.encoding" value="Cp1252"/>
    <property name="java.library.path" value="C:\Program Files\Java\Oracle_JDK-22\bin;C:\WINDOWS\Sun\Java\bin;C:\WINDOWS\system32;C:\WINDOWS;&quot;C:\Program Files\Java\Oracle_JDK-22\bin;C:\Program Files\Java\Oracle_JDK-22\bin&quot;;C:\Program Files (x86)\VMware\VMware Workstation\bin\;C:\Windows\system32;C:\Windows;C:\Windows\System32\Wbem;C:\Windows\System32\WindowsPowerShell\v1.0\;C:\Windows\System32\OpenSSH\;C:\Program Files\Microsoft VS Code\bin;C:\ProgramData\chocolatey\bin;C:\Program Files (x86)\NVIDIA Corporation\PhysX\Common;C:\WINDOWS\system32;C:\WINDOWS;C:\WINDOWS\System32\Wbem;C:\WINDOWS\System32\WindowsPowerShell\v1.0\;C:\WINDOWS\System32\OpenSSH\;C:\Program Files (x86)\NoteBook FanControl\;C:\Program Files\Docker\Docker\resources\bin;C:\Program Files\Kubernetes\Minikube;C:\Program Files\Go\bin;C:\Program Files\Git\cmd;C:\Program Files\nodejs\;C:\Program Files\maven\bin;C:\Users\User\AppData\Local\Microsoft\WindowsApps;C:\Users\User\go\bin;C:\Users\User\AppData\Roaming\npm;."/>
    <property name="java.vm.info" value="mixed mode, sharing"/>
    <property name="stderr.encoding" value="Cp1252"/>
    <property name="java.vendor" value="Oracle Corporation"/>
    <property name="java.vm.version" value="22.0.1+8-16"/>
    <property name="sun.io.unicode.encoding" value="UnicodeLittle"/>
    <property name="java.class.version" value="66.0"/>
  </properties>
  <testcase name="testLadderRentalAgreement" classname="com.example.toolrental.RentalAgreementTest" time="0.284">
    <failure message="expected: &lt;1.99&gt; but was: &lt;0.0&gt;" type="org.opentest4j.AssertionFailedError"><![CDATA[org.opentest4j.AssertionFailedError: expected: <1.99> but was: <0.0>
	at com.example.toolrental.RentalAgreementTest.testLadderRentalAgreement(RentalAgreementTest.java:39)
]]></failure>
    <system-err><![CDATA[Jul 10, 2024 4:19:46 AM com.example.toolrental.ChargeProcessor logChargeRules
INFO: ChargeProcessor initialized with rule: LADW, LADW, LADW
Jul 10, 2024 4:19:46 AM com.example.toolrental.ChargeProcessor logChargeRules
INFO: ChargeProcessor initialized with rule: CHNS, CHNS, CHNS
Jul 10, 2024 4:19:46 AM com.example.toolrental.ChargeProcessor logChargeRules
INFO: ChargeProcessor initialized with rule: JAKD, JAKD, JAKD
Jul 10, 2024 4:19:46 AM com.example.toolrental.ChargeProcessor logChargeRules
INFO: ChargeProcessor initialized with rule: JAKR, JAKR, JAKR
Jul 10, 2024 4:19:46 AM com.example.toolrental.RentalAgreement <init>
INFO: Found ChargeRule for tool code: LADW, Tool Type: LADW, Brand: LADW
]]></system-err>
  </testcase>
  <testcase name="testJackhammerRentalAgreementRidgid" classname="com.example.toolrental.RentalAgreementTest" time="0.005">
    <failure message="expected: &lt;2.99&gt; but was: &lt;0.0&gt;" type="org.opentest4j.AssertionFailedError"><![CDATA[org.opentest4j.AssertionFailedError: expected: <2.99> but was: <0.0>
	at com.example.toolrental.RentalAgreementTest.testJackhammerRentalAgreementRidgid(RentalAgreementTest.java:106)
]]></failure>
    <system-err><![CDATA[Jul 10, 2024 4:19:46 AM com.example.toolrental.ChargeProcessor logChargeRules
INFO: ChargeProcessor initialized with rule: LADW, LADW, LADW
Jul 10, 2024 4:19:46 AM com.example.toolrental.ChargeProcessor logChargeRules
INFO: ChargeProcessor initialized with rule: CHNS, CHNS, CHNS
Jul 10, 2024 4:19:46 AM com.example.toolrental.ChargeProcessor logChargeRules
INFO: ChargeProcessor initialized with rule: JAKD, JAKD, JAKD
Jul 10, 2024 4:19:46 AM com.example.toolrental.ChargeProcessor logChargeRules
INFO: ChargeProcessor initialized with rule: JAKR, JAKR, JAKR
Jul 10, 2024 4:19:46 AM com.example.toolrental.RentalAgreement <init>
INFO: Found ChargeRule for tool code: JAKR, Tool Type: JAKR, Brand: JAKR
]]></system-err>
  </testcase>
  <testcase name="testChainsawRentalAgreement" classname="com.example.toolrental.RentalAgreementTest" time="0.009">
    <failure message="expected: &lt;2&gt; but was: &lt;3&gt;" type="org.opentest4j.AssertionFailedError"><![CDATA[org.opentest4j.AssertionFailedError: expected: <2> but was: <3>
	at com.example.toolrental.RentalAgreementTest.testChainsawRentalAgreement(RentalAgreementTest.java:63)
]]></failure>
    <system-err><![CDATA[Jul 10, 2024 4:19:46 AM com.example.toolrental.ChargeProcessor logChargeRules
INFO: ChargeProcessor initialized with rule: LADW, LADW, LADW
Jul 10, 2024 4:19:46 AM com.example.toolrental.ChargeProcessor logChargeRules
INFO: ChargeProcessor initialized with rule: CHNS, CHNS, CHNS
Jul 10, 2024 4:19:46 AM com.example.toolrental.ChargeProcessor logChargeRules
INFO: ChargeProcessor initialized with rule: JAKD, JAKD, JAKD
Jul 10, 2024 4:19:46 AM com.example.toolrental.ChargeProcessor logChargeRules
INFO: ChargeProcessor initialized with rule: JAKR, JAKR, JAKR
Jul 10, 2024 4:19:46 AM com.example.toolrental.RentalAgreement <init>
INFO: Found ChargeRule for tool code: CHNS, Tool Type: CHNS, Brand: CHNS
]]></system-err>
  </testcase>
  <testcase name="testJackhammerRentalAgreementDeWalt" classname="com.example.toolrental.RentalAgreementTest" time="0.006">
    <failure message="expected: &lt;2.99&gt; but was: &lt;0.0&gt;" type="org.opentest4j.AssertionFailedError"><![CDATA[org.opentest4j.AssertionFailedError: expected: <2.99> but was: <0.0>
	at com.example.toolrental.RentalAgreementTest.testJackhammerRentalAgreementDeWalt(RentalAgreementTest.java:84)
]]></failure>
    <system-err><![CDATA[Jul 10, 2024 4:19:46 AM com.example.toolrental.ChargeProcessor logChargeRules
INFO: ChargeProcessor initialized with rule: LADW, LADW, LADW
Jul 10, 2024 4:19:46 AM com.example.toolrental.ChargeProcessor logChargeRules
INFO: ChargeProcessor initialized with rule: CHNS, CHNS, CHNS
Jul 10, 2024 4:19:46 AM com.example.toolrental.ChargeProcessor logChargeRules
INFO: ChargeProcessor initialized with rule: JAKD, JAKD, JAKD
Jul 10, 2024 4:19:46 AM com.example.toolrental.ChargeProcessor logChargeRules
INFO: ChargeProcessor initialized with rule: JAKR, JAKR, JAKR
Jul 10, 2024 4:19:46 AM com.example.toolrental.RentalAgreement <init>
INFO: Found ChargeRule for tool code: JAKD, Tool Type: JAKD, Brand: JAKD
]]></system-err>
  </testcase>
</testsuite>