<?xml version="1.0" encoding="UTF-8"?>
<testsuite xmlns:xsi="http://www.w3.org/2001/XMLSchema-instance" xsi:noNamespaceSchemaLocation="https://maven.apache.org/surefire/maven-surefire-plugin/xsd/surefire-test-report.xsd" name="com.example.toolrental.RentalAgreementTest" time="0.318" tests="4" errors="0" skipped="0" failures="4">
  <properties>
[...]
</properties>
  <testcase name="testLadderRentalAgreement" classname="com.example.toolrental.RentalAgreementTest" time="0.284">
    <failure message="expected: &lt;1.99&gt; but was: &lt;0.0&gt;" type="org.opentest4j.AssertionFailedError"><![CDATA[org.opentest4j.AssertionFailedError: expected: <1.99> but was: <0.0>
	at com.example.toolrental.RentalAgreementTest.testLadderRentalAgreement(RentalAgreementTest.java:39)
]]></failure>
    <system-err><![CDATA[Jul 10, 2024 4:19:46 AM com.example.toolrental.ChargeProcessor logChargeRules
INFO: ChargeProcessor initialized with rule: LADW, LADW, LADW
Jul 10, 2024 4:19:46 AM com.example.toolrental.ChargeProcessor logChargeRules
INFO: ChargeProcessor initialized with rule: CHNS, CHNS, CHNS
Jul 10, 2024 4:19:46 AM com.example.toolrental.ChargeProcessor logChargeRules
INFO: ChargeProcessor initialized with rule: JAKD, JAKD, JAKD
Jul 10, 2024 4:19:46 AM com.example.toolrental.ChargeProcessor logChargeRules
INFO: ChargeProcessor initialized with rule: JAKR, JAKR, JAKR
Jul 10, 2024 4:19:46 AM com.example.toolrental.RentalAgreement <init>
INFO: Found ChargeRule for tool code: LADW, Tool Type: LADW, Brand: LADW
]]></system-err>
  </testcase>
  <testcase name="testJackhammerRentalAgreementRidgid" classname="com.example.toolrental.RentalAgreementTest" time="0.005">
    <failure message="expected: &lt;2.99&gt; but was: &lt;0.0&gt;" type="org.opentest4j.AssertionFailedError"><![CDATA[org.opentest4j.AssertionFailedError: expected: <2.99> but was: <0.0>
	at com.example.toolrental.RentalAgreementTest.testJackhammerRentalAgreementRidgid(RentalAgreementTest.java:106)
]]></failure>
    <system-err><![CDATA[Jul 10, 2024 4:19:46 AM com.example.toolrental.ChargeProcessor logChargeRules
INFO: ChargeProcessor initialized with rule: LADW, LADW, LADW
Jul 10, 2024 4:19:46 AM com.example.toolrental.ChargeProcessor logChargeRules
INFO: ChargeProcessor initialized with rule: CHNS, CHNS, CHNS
Jul 10, 2024 4:19:46 AM com.example.toolrental.ChargeProcessor logChargeRules
INFO: ChargeProcessor initialized with rule: JAKD, JAKD, JAKD
Jul 10, 2024 4:19:46 AM com.example.toolrental.ChargeProcessor logChargeRules
INFO: ChargeProcessor initialized with rule: JAKR, JAKR, JAKR
Jul 10, 2024 4:19:46 AM com.example.toolrental.RentalAgreement <init>
INFO: Found ChargeRule for tool code: JAKR, Tool Type: JAKR, Brand: JAKR
]]></system-err>
  </testcase>
  <testcase name="testChainsawRentalAgreement" classname="com.example.toolrental.RentalAgreementTest" time="0.009">
    <failure message="expected: &lt;2&gt; but was: &lt;3&gt;" type="org.opentest4j.AssertionFailedError"><![CDATA[org.opentest4j.AssertionFailedError: expected: <2> but was: <3>
	at com.example.toolrental.RentalAgreementTest.testChainsawRentalAgreement(RentalAgreementTest.java:63)
]]></failure>
    <system-err><![CDATA[Jul 10, 2024 4:19:46 AM com.example.toolrental.ChargeProcessor logChargeRules
INFO: ChargeProcessor initialized with rule: LADW, LADW, LADW
Jul 10, 2024 4:19:46 AM com.example.toolrental.ChargeProcessor logChargeRules
INFO: ChargeProcessor initialized with rule: CHNS, CHNS, CHNS
Jul 10, 2024 4:19:46 AM com.example.toolrental.ChargeProcessor logChargeRules
INFO: ChargeProcessor initialized with rule: JAKD, JAKD, JAKD
Jul 10, 2024 4:19:46 AM com.example.toolrental.ChargeProcessor logChargeRules
INFO: ChargeProcessor initialized with rule: JAKR, JAKR, JAKR
Jul 10, 2024 4:19:46 AM com.example.toolrental.RentalAgreement <init>
INFO: Found ChargeRule for tool code: CHNS, Tool Type: CHNS, Brand: CHNS
]]></system-err>
  </testcase>
  <testcase name="testJackhammerRentalAgreementDeWalt" classname="com.example.toolrental.RentalAgreementTest" time="0.006">
    <failure message="expected: &lt;2.99&gt; but was: &lt;0.0&gt;" type="org.opentest4j.AssertionFailedError"><![CDATA[org.opentest4j.AssertionFailedError: expected: <2.99> but was: <0.0>
	at com.example.toolrental.RentalAgreementTest.testJackhammerRentalAgreementDeWalt(RentalAgreementTest.java:84)
]]></failure>
    <system-err><![CDATA[Jul 10, 2024 4:19:46 AM com.example.toolrental.ChargeProcessor logChargeRules
INFO: ChargeProcessor initialized with rule: LADW, LADW, LADW
Jul 10, 2024 4:19:46 AM com.example.toolrental.ChargeProcessor logChargeRules
INFO: ChargeProcessor initialized with rule: CHNS, CHNS, CHNS
Jul 10, 2024 4:19:46 AM com.example.toolrental.ChargeProcessor logChargeRules
INFO: ChargeProcessor initialized with rule: JAKD, JAKD, JAKD
Jul 10, 2024 4:19:46 AM com.example.toolrental.ChargeProcessor logChargeRules
INFO: ChargeProcessor initialized with rule: JAKR, JAKR, JAKR
Jul 10, 2024 4:19:46 AM com.example.toolrental.RentalAgreement <init>
INFO: Found ChargeRule for tool code: JAKD, Tool Type: JAKD, Brand: JAKD
]]></system-err>
  </testcase>
</testsuite>